<?xml version="1.0" encoding="UTF-8"?>
<!-- Generated by org.testng.reporters.JUnitXMLReporter -->
<testsuite ignored="0" hostname="DESKTOP-0N88LAP" failures="0" tests="2" name="Functional Test on Amazon" time="79.549" errors="0" timestamp="2021-05-15T15:52:30 IST">
  <testcase classname="com.qa.testscripts.TC_Amazon_01" name="SearchItem" time="19.53"/>
  <testcase classname="com.qa.testscripts.TC_Amazon_02" name="CalculateFooterLinks" time="11.441"/>
</testsuite> <!-- Functional Test on Amazon -->
