<?xml version="1.0" encoding="UTF-8"?>
<!-- Generated by org.testng.reporters.JUnitXMLReporter -->
<testsuite ignored="0" hostname="DESKTOP-0N88LAP" failures="0" tests="5" name="Functional Testing on Amazon" time="120.947" errors="0" timestamp="2021-06-05T13:10:03 IST">
  <testcase classname="com.qa.testscripts.TC_Amazon_01" name="SearchItem" time="13.46"/>
  <testcase classname="com.qa.testscripts.TC_Amazon_01" name="SearchItem" time="15.652"/>
  <testcase classname="com.qa.testscripts.TC_Amazon_01" name="SearchItem" time="9.261"/>
  <testcase classname="com.qa.testscripts.TC_Amazon_01" name="SearchItem" time="11.539"/>
  <testcase classname="com.qa.testscripts.TC_Amazon_02" name="CalculateFooterLinks" time="11.476"/>
</testsuite> <!-- Functional Testing on Amazon -->
