<?xml version="1.0" encoding="UTF-8"?>
<!-- Generated by org.testng.reporters.JUnitXMLReporter -->
<testsuite ignored="0" hostname="DESKTOP-0N88LAP" failures="0" tests="3" name="Default test" time="50.357" errors="0" timestamp="2021-05-29T13:16:07 IST">
  <testcase classname="com.qa.testscripts.TC_WorkingwithScreenshots" name="WebElementScreenshot" time="2.806"/>
  <testcase classname="com.qa.testscripts.TC_WorkingwithScreenshots" name="DriverScreenShot" time="1.826"/>
  <testcase classname="com.qa.testscripts.TC_WorkingwithScreenshots" name="PageScreenShot" time="19.337"/>
</testsuite> <!-- Default test -->
