<?xml version="1.0" encoding="UTF-8"?>
<testng-results ignored="0" total="5" passed="5" failed="0" skipped="0">
  <reporter-output>
    <line>
      <![CDATA[Title has the search term]]>
    </line>
    <line>
      <![CDATA[Title has the search term]]>
    </line>
    <line>
      <![CDATA[Title has the search term]]>
    </line>
    <line>
      <![CDATA[Title has the search term]]>
    </line>
  </reporter-output>
  <suite started-at="2021-06-05T13:08:02 IST" name="Test Automation Suite" finished-at="2021-06-05T13:10:03 IST" duration-ms="120947">
    <groups>
    </groups>
    <test started-at="2021-06-05T13:08:02 IST" name="Functional Testing on Amazon" finished-at="2021-06-05T13:10:03 IST" duration-ms="120947">
      <class name="com.qa.testscripts.TC_Amazon_02">
        <test-method is-config="true" signature="setUp(java.lang.String, java.lang.String)[pri:0, instance:com.qa.testscripts.TC_Amazon_02@1af2d44a]" started-at="2021-06-05T13:09:31 IST" name="setUp" finished-at="2021-06-05T13:09:46 IST" duration-ms="14841" status="PASS">
          <params>
            <param index="0">
              <value>
                <![CDATA[chrome]]>
              </value>
            </param>
            <param index="1">
              <value>
                <![CDATA[https://www.amazon.in/]]>
              </value>
            </param>
          </params>
          <reporter-output>
          </reporter-output>
        </test-method> <!-- setUp -->
        <test-method signature="CalculateFooterLinks()[pri:0, instance:com.qa.testscripts.TC_Amazon_02@1af2d44a]" started-at="2021-06-05T13:09:46 IST" name="CalculateFooterLinks" finished-at="2021-06-05T13:09:58 IST" duration-ms="11476" status="PASS">
          <reporter-output>
          </reporter-output>
        </test-method> <!-- CalculateFooterLinks -->
        <test-method is-config="true" signature="tearDown()[pri:0, instance:com.qa.testscripts.TC_Amazon_02@1af2d44a]" started-at="2021-06-05T13:09:58 IST" name="tearDown" finished-at="2021-06-05T13:10:03 IST" duration-ms="5096" status="PASS">
          <reporter-output>
          </reporter-output>
        </test-method> <!-- tearDown -->
      </class> <!-- com.qa.testscripts.TC_Amazon_02 -->
      <class name="com.qa.testscripts.TC_Amazon_01">
        <test-method is-config="true" signature="setUp(java.lang.String, java.lang.String)[pri:0, instance:com.qa.testscripts.TC_Amazon_01@1e04fa0a]" started-at="2021-06-05T13:08:03 IST" name="setUp" finished-at="2021-06-05T13:08:25 IST" duration-ms="22350" status="PASS">
          <params>
            <param index="0">
              <value>
                <![CDATA[chrome]]>
              </value>
            </param>
            <param index="1">
              <value>
                <![CDATA[https://www.amazon.in/]]>
              </value>
            </param>
          </params>
          <reporter-output>
          </reporter-output>
        </test-method> <!-- setUp -->
        <test-method signature="SearchItem(java.lang.String, java.lang.String)[pri:0, instance:com.qa.testscripts.TC_Amazon_01@1e04fa0a]" started-at="2021-06-05T13:08:37 IST" name="SearchItem" data-provider="getData" finished-at="2021-06-05T13:08:51 IST" duration-ms="13460" status="PASS">
          <params>
            <param index="0">
              <value>
                <![CDATA[Books]]>
              </value>
            </param>
            <param index="1">
              <value>
                <![CDATA[Da vinci code]]>
              </value>
            </param>
          </params>
          <reporter-output>
            <line>
              <![CDATA[Title has the search term]]>
            </line>
          </reporter-output>
        </test-method> <!-- SearchItem -->
        <test-method signature="SearchItem(java.lang.String, java.lang.String)[pri:0, instance:com.qa.testscripts.TC_Amazon_01@1e04fa0a]" started-at="2021-06-05T13:08:51 IST" name="SearchItem" data-provider="getData" finished-at="2021-06-05T13:09:06 IST" duration-ms="15652" status="PASS">
          <params>
            <param index="0">
              <value>
                <![CDATA[Electronics]]>
              </value>
            </param>
            <param index="1">
              <value>
                <![CDATA[Mobile phones]]>
              </value>
            </param>
          </params>
          <reporter-output>
            <line>
              <![CDATA[Title has the search term]]>
            </line>
          </reporter-output>
        </test-method> <!-- SearchItem -->
        <test-method signature="SearchItem(java.lang.String, java.lang.String)[pri:0, instance:com.qa.testscripts.TC_Amazon_01@1e04fa0a]" started-at="2021-06-05T13:09:07 IST" name="SearchItem" data-provider="getData" finished-at="2021-06-05T13:09:16 IST" duration-ms="9261" status="PASS">
          <params>
            <param index="0">
              <value>
                <![CDATA[Furniture]]>
              </value>
            </param>
            <param index="1">
              <value>
                <![CDATA[Wooden tables]]>
              </value>
            </param>
          </params>
          <reporter-output>
            <line>
              <![CDATA[Title has the search term]]>
            </line>
          </reporter-output>
        </test-method> <!-- SearchItem -->
        <test-method signature="SearchItem(java.lang.String, java.lang.String)[pri:0, instance:com.qa.testscripts.TC_Amazon_01@1e04fa0a]" started-at="2021-06-05T13:09:16 IST" name="SearchItem" data-provider="getData" finished-at="2021-06-05T13:09:27 IST" duration-ms="11539" status="PASS">
          <params>
            <param index="0">
              <value>
                <![CDATA[Electronics]]>
              </value>
            </param>
            <param index="1">
              <value>
                <![CDATA[Washing machines]]>
              </value>
            </param>
          </params>
          <reporter-output>
            <line>
              <![CDATA[Title has the search term]]>
            </line>
          </reporter-output>
        </test-method> <!-- SearchItem -->
        <test-method is-config="true" signature="tearDown()[pri:0, instance:com.qa.testscripts.TC_Amazon_01@1e04fa0a]" started-at="2021-06-05T13:09:28 IST" name="tearDown" finished-at="2021-06-05T13:09:31 IST" duration-ms="3773" status="PASS">
          <reporter-output>
          </reporter-output>
        </test-method> <!-- tearDown -->
      </class> <!-- com.qa.testscripts.TC_Amazon_01 -->
    </test> <!-- Functional Testing on Amazon -->
  </suite> <!-- Test Automation Suite -->
</testng-results>
