<?xml version="1.0" encoding="UTF-8"?>
<!-- Generated by org.testng.reporters.JUnitReportReporter -->
<testsuite hostname="DESKTOP-0N88LAP" failures="0" tests="2" name="com.qa.testscripts.TC_Amazon_03" time="8.930" errors="0" timestamp="2021-05-16T12:13:21 IST" skipped="0">
  <testcase classname="com.qa.testscripts.TC_Amazon_03" name="validateCategoryList" time="8.467"/>
  <system-out>
All Categories Deals Alexa Skills Amazon Devices More Store Amazon Fashion Amazon Fresh Amazon Pantry Appliances Apps & Games Baby Beauty Books Car & Motorbike Clothing & Accessories Collectibles Computers & Accessories Electronics Furniture Garden & Outdoors Gift Cards Grocery & Gourmet Foods Health & Personal Care Home & Kitchen Industrial & Scientific Jewellery Kindle Store Luggage & Bags Luxury Beauty Movies & TV Shows Music Musical Instruments Office Products Pet Supplies Prime Video Shoes & Handbags Software Sports, Fitness & Outdoors Tools & Home Improvement Toys & Games Under ₹500 Video Games Watches  </system-out>
  <testcase classname="com.qa.testscripts.TC_Amazon_03" name="getFirstSelectedOption" time="0.463"/>
  <system-out>
All Categories  </system-out>
</testsuite> <!-- com.qa.testscripts.TC_Amazon_03 -->
